<?xml version="1.0" encoding="UTF-8"?>
<!-- Generated by org.testng.reporters.JUnitXMLReporter -->
<testsuite ignored="0" hostname="DESKTOP-BS115LP" failures="0" tests="3" name="Test" time="22.9" errors="0" timestamp="2022-04-12T17:51:44 EDT">
  <testcase classname="com.Test.HomePageTest" name="ClickOnContactUs" time="1.471"/>
  <testcase classname="com.Test.HomePageTest" name="clickAboutUsTest" time="1.3"/>
  <testcase classname="com.Test.HomePageTest" name="pageTitleTest" time="0.008"/>
</testsuite> <!-- Test -->
