<?xml version="1.0" encoding="UTF-8"?>
<testng-results ignored="0" total="9" passed="8" failed="1" skipped="0">
  <reporter-output>
  </reporter-output>
  <suite started-at="2022-04-13T04:09:30 EDT" name="Regression Suite" finished-at="2022-04-13T04:10:34 EDT" duration-ms="64031">
    <groups>
    </groups>
    <test started-at="2022-04-13T04:09:30 EDT" name="Test" finished-at="2022-04-13T04:10:34 EDT" duration-ms="64031">
      <class name="com.Test.LoginPageTest">
        <test-method is-config="true" signature="setUp()[pri:0, instance:com.Test.LoginPageTest@b09fac1]" started-at="2022-04-13T04:09:54 EDT" name="setUp" finished-at="2022-04-13T04:09:58 EDT" duration-ms="3676" status="PASS">
          <reporter-output>
          </reporter-output>
        </test-method> <!-- setUp -->
        <test-method signature="currentUserNameTest()[pri:0, instance:com.Test.LoginPageTest@b09fac1]" started-at="2022-04-13T04:09:58 EDT" name="currentUserNameTest" finished-at="2022-04-13T04:10:03 EDT" duration-ms="4779" status="PASS">
          <reporter-output>
          </reporter-output>
        </test-method> <!-- currentUserNameTest -->
        <test-method is-config="true" signature="tearDown()[pri:0, instance:com.Test.LoginPageTest@b09fac1]" started-at="2022-04-13T04:10:03 EDT" name="tearDown" finished-at="2022-04-13T04:10:03 EDT" duration-ms="186" status="PASS">
          <reporter-output>
          </reporter-output>
        </test-method> <!-- tearDown -->
        <test-method is-config="true" signature="setUp()[pri:0, instance:com.Test.LoginPageTest@b09fac1]" started-at="2022-04-13T04:10:03 EDT" name="setUp" finished-at="2022-04-13T04:10:07 EDT" duration-ms="3843" status="PASS">
          <reporter-output>
          </reporter-output>
        </test-method> <!-- setUp -->
        <test-method signature="loginTest()[pri:0, instance:com.Test.LoginPageTest@b09fac1]" started-at="2022-04-13T04:10:07 EDT" name="loginTest" finished-at="2022-04-13T04:10:07 EDT" duration-ms="687" status="PASS">
          <reporter-output>
          </reporter-output>
        </test-method> <!-- loginTest -->
        <test-method is-config="true" signature="tearDown()[pri:0, instance:com.Test.LoginPageTest@b09fac1]" started-at="2022-04-13T04:10:07 EDT" name="tearDown" finished-at="2022-04-13T04:10:07 EDT" duration-ms="156" status="PASS">
          <reporter-output>
          </reporter-output>
        </test-method> <!-- tearDown -->
        <test-method is-config="true" signature="setUp()[pri:0, instance:com.Test.LoginPageTest@b09fac1]" started-at="2022-04-13T04:10:07 EDT" name="setUp" finished-at="2022-04-13T04:10:11 EDT" duration-ms="3770" status="PASS">
          <reporter-output>
          </reporter-output>
        </test-method> <!-- setUp -->
        <test-method signature="pageTitleTest()[pri:0, instance:com.Test.LoginPageTest@b09fac1]" started-at="2022-04-13T04:10:11 EDT" name="pageTitleTest" finished-at="2022-04-13T04:10:11 EDT" duration-ms="27" status="PASS">
          <reporter-output>
          </reporter-output>
        </test-method> <!-- pageTitleTest -->
        <test-method is-config="true" signature="tearDown()[pri:0, instance:com.Test.LoginPageTest@b09fac1]" started-at="2022-04-13T04:10:11 EDT" name="tearDown" finished-at="2022-04-13T04:10:12 EDT" duration-ms="314" status="PASS">
          <reporter-output>
          </reporter-output>
        </test-method> <!-- tearDown -->
      </class> <!-- com.Test.LoginPageTest -->
      <class name="com.Test.RegistrationPageTest">
        <test-method is-config="true" signature="setUp()[pri:0, instance:com.Test.RegistrationPageTest@62e8f862]" started-at="2022-04-13T04:10:12 EDT" name="setUp" finished-at="2022-04-13T04:10:15 EDT" duration-ms="3595" status="PASS">
          <reporter-output>
          </reporter-output>
        </test-method> <!-- setUp -->
        <test-method signature="pageTitleTest()[pri:0, instance:com.Test.RegistrationPageTest@62e8f862]" started-at="2022-04-13T04:10:15 EDT" name="pageTitleTest" finished-at="2022-04-13T04:10:16 EDT" duration-ms="645" status="PASS">
          <reporter-output>
          </reporter-output>
        </test-method> <!-- pageTitleTest -->
        <test-method is-config="true" signature="tearDown()[pri:0, instance:com.Test.RegistrationPageTest@62e8f862]" started-at="2022-04-13T04:10:16 EDT" name="tearDown" finished-at="2022-04-13T04:10:16 EDT" duration-ms="239" status="PASS">
          <reporter-output>
          </reporter-output>
        </test-method> <!-- tearDown -->
        <test-method is-config="true" signature="setUp()[pri:0, instance:com.Test.RegistrationPageTest@62e8f862]" started-at="2022-04-13T04:10:18 EDT" name="setUp" finished-at="2022-04-13T04:10:21 EDT" duration-ms="3762" status="PASS">
          <reporter-output>
          </reporter-output>
        </test-method> <!-- setUp -->
        <test-method signature="registerNewUserTest(java.lang.String,java.lang.String,java.lang.String,java.lang.String,java.lang.String,java.lang.String,java.lang.String)[pri:0, instance:com.Test.RegistrationPageTest@62e8f862]" started-at="2022-04-13T04:10:21 EDT" name="registerNewUserTest" data-provider="getDataTest" finished-at="2022-04-13T04:10:34 EDT" duration-ms="12068" status="FAIL">
          <params>
            <param index="0">
              <value>
                <![CDATA[kkoo@gmail.com]]>
              </value>
            </param>
            <param index="1">
              <value>
                <![CDATA[kzaman]]>
              </value>
            </param>
            <param index="2">
              <value>
                <![CDATA[123kz]]>
              </value>
            </param>
            <param index="3">
              <value>
                <![CDATA[123kz]]>
              </value>
            </param>
            <param index="4">
              <value>
                <![CDATA[khosruz]]>
              </value>
            </param>
            <param index="5">
              <value>
                <![CDATA[zaman]]>
              </value>
            </param>
            <param index="6">
              <value>
                <![CDATA[Newyork]]>
              </value>
            </param>
          </params>
          <exception class="org.openqa.selenium.NoSuchElementException">
            <message>
              <![CDATA[no such element: Unable to locate element: {"method":"xpath","selector":"//*[@id='dLabel']/span"}
  (Session info: chrome=100.0.4896.88)
For documentation on this error, please visit: https://www.seleniumhq.org/exceptions/no_such_element.html
Build info: version: '3.141.59', revision: 'e82be7d358', time: '2018-11-14T08:17:03'
System info: host: 'DESKTOP-BS115LP', ip: '192.168.234.1', os.name: 'Windows 10', os.arch: 'amd64', os.version: '10.0', java.version: '17.0.1'
Driver info: org.openqa.selenium.chrome.ChromeDriver
Capabilities {acceptInsecureCerts: false, browserName: chrome, browserVersion: 100.0.4896.88, chrome: {chromedriverVersion: 99.0.4844.51 (d537ec02474b5..., userDataDir: C:\Users\rafri\AppData\Loca...}, goog:chromeOptions: {debuggerAddress: localhost:63594}, javascriptEnabled: true, networkConnectionEnabled: false, pageLoadStrategy: normal, platform: WINDOWS, platformName: WINDOWS, proxy: Proxy(), setWindowRect: true, strictFileInteractability: false, timeouts: {implicit: 0, pageLoad: 300000, script: 30000}, unhandledPromptBehavior: dismiss and notify, webauthn:extension:credBlob: true, webauthn:extension:largeBlob: true, webauthn:virtualAuthenticators: true}
Session ID: bfaa179cd6b575db7f529040364420c1
*** Element info: {Using=xpath, value=//*[@id='dLabel']/span}]]>
            </message>
            <full-stacktrace>
              <![CDATA[org.openqa.selenium.NoSuchElementException: no such element: Unable to locate element: {"method":"xpath","selector":"//*[@id='dLabel']/span"}
  (Session info: chrome=100.0.4896.88)
For documentation on this error, please visit: https://www.seleniumhq.org/exceptions/no_such_element.html
Build info: version: '3.141.59', revision: 'e82be7d358', time: '2018-11-14T08:17:03'
System info: host: 'DESKTOP-BS115LP', ip: '192.168.234.1', os.name: 'Windows 10', os.arch: 'amd64', os.version: '10.0', java.version: '17.0.1'
Driver info: org.openqa.selenium.chrome.ChromeDriver
Capabilities {acceptInsecureCerts: false, browserName: chrome, browserVersion: 100.0.4896.88, chrome: {chromedriverVersion: 99.0.4844.51 (d537ec02474b5..., userDataDir: C:\Users\rafri\AppData\Loca...}, goog:chromeOptions: {debuggerAddress: localhost:63594}, javascriptEnabled: true, networkConnectionEnabled: false, pageLoadStrategy: normal, platform: WINDOWS, platformName: WINDOWS, proxy: Proxy(), setWindowRect: true, strictFileInteractability: false, timeouts: {implicit: 0, pageLoad: 300000, script: 30000}, unhandledPromptBehavior: dismiss and notify, webauthn:extension:credBlob: true, webauthn:extension:largeBlob: true, webauthn:virtualAuthenticators: true}
Session ID: bfaa179cd6b575db7f529040364420c1
*** Element info: {Using=xpath, value=//*[@id='dLabel']/span}
at java.base/jdk.internal.reflect.NativeConstructorAccessorImpl.newInstance0(Native Method)
at java.base/jdk.internal.reflect.NativeConstructorAccessorImpl.newInstance(NativeConstructorAccessorImpl.java:77)
at java.base/jdk.internal.reflect.DelegatingConstructorAccessorImpl.newInstance(DelegatingConstructorAccessorImpl.java:45)
at java.base/java.lang.reflect.Constructor.newInstanceWithCaller(Constructor.java:499)
at java.base/java.lang.reflect.Constructor.newInstance(Constructor.java:480)
at org.openqa.selenium.remote.http.W3CHttpResponseCodec.createException(W3CHttpResponseCodec.java:187)
at org.openqa.selenium.remote.http.W3CHttpResponseCodec.decode(W3CHttpResponseCodec.java:122)
at org.openqa.selenium.remote.http.W3CHttpResponseCodec.decode(W3CHttpResponseCodec.java:49)
at org.openqa.selenium.remote.HttpCommandExecutor.execute(HttpCommandExecutor.java:158)
at org.openqa.selenium.remote.service.DriverCommandExecutor.execute(DriverCommandExecutor.java:83)
at org.openqa.selenium.remote.RemoteWebDriver.execute(RemoteWebDriver.java:552)
at org.openqa.selenium.remote.RemoteWebDriver.findElement(RemoteWebDriver.java:323)
at org.openqa.selenium.remote.RemoteWebDriver.findElementByXPath(RemoteWebDriver.java:428)
at org.openqa.selenium.By$ByXPath.findElement(By.java:353)
at org.openqa.selenium.remote.RemoteWebDriver.findElement(RemoteWebDriver.java:315)
at org.openqa.selenium.support.pagefactory.DefaultElementLocator.findElement(DefaultElementLocator.java:69)
at org.openqa.selenium.support.pagefactory.internal.LocatingElementHandler.invoke(LocatingElementHandler.java:38)
at jdk.proxy2/jdk.proxy2.$Proxy15.getText(Unknown Source)
at com.Page.RegistrationPage.validatCurrentUser(RegistrationPage.java:91)
at com.Test.RegistrationPageTest.registerNewUserTest(RegistrationPageTest.java:61)
at java.base/jdk.internal.reflect.NativeMethodAccessorImpl.invoke0(Native Method)
at java.base/jdk.internal.reflect.NativeMethodAccessorImpl.invoke(NativeMethodAccessorImpl.java:77)
at java.base/jdk.internal.reflect.DelegatingMethodAccessorImpl.invoke(DelegatingMethodAccessorImpl.java:43)
at java.base/java.lang.reflect.Method.invoke(Method.java:568)
at org.testng.internal.MethodInvocationHelper.invokeMethod(MethodInvocationHelper.java:133)
at org.testng.internal.TestInvoker.invokeMethod(TestInvoker.java:598)
at org.testng.internal.TestInvoker.invokeTestMethod(TestInvoker.java:173)
at org.testng.internal.MethodRunner.runInSequence(MethodRunner.java:46)
at org.testng.internal.TestInvoker$MethodInvocationAgent.invoke(TestInvoker.java:824)
at org.testng.internal.TestInvoker.invokeTestMethods(TestInvoker.java:146)
at org.testng.internal.TestMethodWorker.invokeTestMethods(TestMethodWorker.java:146)
at org.testng.internal.TestMethodWorker.run(TestMethodWorker.java:128)
at java.base/java.util.ArrayList.forEach(ArrayList.java:1511)
at org.testng.TestRunner.privateRun(TestRunner.java:794)
at org.testng.TestRunner.run(TestRunner.java:596)
at org.testng.SuiteRunner.runTest(SuiteRunner.java:377)
at org.testng.SuiteRunner.runSequentially(SuiteRunner.java:371)
at org.testng.SuiteRunner.privateRun(SuiteRunner.java:332)
at org.testng.SuiteRunner.run(SuiteRunner.java:276)
at org.testng.SuiteRunnerWorker.runSuite(SuiteRunnerWorker.java:53)
at org.testng.SuiteRunnerWorker.run(SuiteRunnerWorker.java:96)
at org.testng.TestNG.runSuitesSequentially(TestNG.java:1212)
at org.testng.TestNG.runSuitesLocally(TestNG.java:1134)
at org.testng.TestNG.runSuites(TestNG.java:1063)
at org.testng.TestNG.run(TestNG.java:1031)
at org.testng.remote.AbstractRemoteTestNG.run(AbstractRemoteTestNG.java:115)
at org.testng.remote.RemoteTestNG.initAndRun(RemoteTestNG.java:251)
at org.testng.remote.RemoteTestNG.main(RemoteTestNG.java:77)
]]>
            </full-stacktrace>
          </exception> <!-- org.openqa.selenium.NoSuchElementException -->
          <reporter-output>
          </reporter-output>
        </test-method> <!-- registerNewUserTest -->
        <test-method is-config="true" signature="tearDown()[pri:0, instance:com.Test.RegistrationPageTest@62e8f862]" started-at="2022-04-13T04:10:34 EDT" name="tearDown" finished-at="2022-04-13T04:10:34 EDT" duration-ms="153" status="PASS">
          <reporter-output>
          </reporter-output>
        </test-method> <!-- tearDown -->
      </class> <!-- com.Test.RegistrationPageTest -->
      <class name="com.Test.HomePageTest">
        <test-method is-config="true" signature="setUp()[pri:0, instance:com.Test.HomePageTest@2bffa76d]" started-at="2022-04-13T04:09:30 EDT" name="setUp" finished-at="2022-04-13T04:09:38 EDT" duration-ms="8461" status="PASS">
          <reporter-output>
          </reporter-output>
        </test-method> <!-- setUp -->
        <test-method signature="ClickOnContactUs()[pri:0, instance:com.Test.HomePageTest@2bffa76d]" started-at="2022-04-13T04:09:38 EDT" name="ClickOnContactUs" finished-at="2022-04-13T04:09:40 EDT" duration-ms="1896" status="PASS">
          <reporter-output>
          </reporter-output>
        </test-method> <!-- ClickOnContactUs -->
        <test-method is-config="true" signature="tearDown()[pri:0, instance:com.Test.HomePageTest@2bffa76d]" started-at="2022-04-13T04:09:40 EDT" name="tearDown" finished-at="2022-04-13T04:09:40 EDT" duration-ms="282" status="PASS">
          <reporter-output>
          </reporter-output>
        </test-method> <!-- tearDown -->
        <test-method is-config="true" signature="setUp()[pri:0, instance:com.Test.HomePageTest@2bffa76d]" started-at="2022-04-13T04:09:40 EDT" name="setUp" finished-at="2022-04-13T04:09:44 EDT" duration-ms="3161" status="PASS">
          <reporter-output>
          </reporter-output>
        </test-method> <!-- setUp -->
        <test-method signature="clickAboutUsTest()[pri:0, instance:com.Test.HomePageTest@2bffa76d]" started-at="2022-04-13T04:09:44 EDT" name="clickAboutUsTest" finished-at="2022-04-13T04:09:45 EDT" duration-ms="1134" status="PASS">
          <reporter-output>
          </reporter-output>
        </test-method> <!-- clickAboutUsTest -->
        <test-method is-config="true" signature="tearDown()[pri:0, instance:com.Test.HomePageTest@2bffa76d]" started-at="2022-04-13T04:09:45 EDT" name="tearDown" finished-at="2022-04-13T04:09:45 EDT" duration-ms="501" status="PASS">
          <reporter-output>
          </reporter-output>
        </test-method> <!-- tearDown -->
        <test-method is-config="true" signature="setUp()[pri:0, instance:com.Test.HomePageTest@2bffa76d]" started-at="2022-04-13T04:09:45 EDT" name="setUp" finished-at="2022-04-13T04:09:49 EDT" duration-ms="3767" status="PASS">
          <reporter-output>
          </reporter-output>
        </test-method> <!-- setUp -->
        <test-method signature="getCurrencyListTest()[pri:0, instance:com.Test.HomePageTest@2bffa76d]" started-at="2022-04-13T04:09:49 EDT" name="getCurrencyListTest" finished-at="2022-04-13T04:09:50 EDT" duration-ms="1096" status="PASS">
          <reporter-output>
          </reporter-output>
        </test-method> <!-- getCurrencyListTest -->
        <test-method is-config="true" signature="tearDown()[pri:0, instance:com.Test.HomePageTest@2bffa76d]" started-at="2022-04-13T04:09:50 EDT" name="tearDown" finished-at="2022-04-13T04:09:50 EDT" duration-ms="153" status="PASS">
          <reporter-output>
          </reporter-output>
        </test-method> <!-- tearDown -->
        <test-method is-config="true" signature="setUp()[pri:0, instance:com.Test.HomePageTest@2bffa76d]" started-at="2022-04-13T04:09:50 EDT" name="setUp" finished-at="2022-04-13T04:09:54 EDT" duration-ms="3746" status="PASS">
          <reporter-output>
          </reporter-output>
        </test-method> <!-- setUp -->
        <test-method signature="pageTitleTest()[pri:0, instance:com.Test.HomePageTest@2bffa76d]" started-at="2022-04-13T04:09:54 EDT" name="pageTitleTest" finished-at="2022-04-13T04:09:54 EDT" duration-ms="21" status="PASS">
          <reporter-output>
          </reporter-output>
        </test-method> <!-- pageTitleTest -->
        <test-method is-config="true" signature="tearDown()[pri:0, instance:com.Test.HomePageTest@2bffa76d]" started-at="2022-04-13T04:09:54 EDT" name="tearDown" finished-at="2022-04-13T04:09:54 EDT" duration-ms="164" status="PASS">
          <reporter-output>
          </reporter-output>
        </test-method> <!-- tearDown -->
      </class> <!-- com.Test.HomePageTest -->
    </test> <!-- Test -->
  </suite> <!-- Regression Suite -->
</testng-results>
